E:\PROJECTS\FinstaGeneric\FinstaGenericWeb\PresentationPages\dist\out-tsc\e2e\src\app.po.js
E:\PROJECTS\FinstaGeneric\FinstaGenericWeb\PresentationPages\dist\out-tsc\e2e\src\app.po.js.map
E:\PROJECTS\FinstaGeneric\FinstaGenericWeb\PresentationPages\dist\out-tsc\e2e\src\app.e2e-spec.js
E:\PROJECTS\FinstaGeneric\FinstaGenericWeb\PresentationPages\dist\out-tsc\e2e\src\app.e2e-spec.js.map
E:\PROJECTS\FinstaGeneric\FinstaGenericWeb\PresentationPages\dist\out-tsc\src\app\app.component.js
E:\PROJECTS\FinstaGeneric\FinstaGenericWeb\PresentationPages\dist\out-tsc\src\app\app.component.js.map
E:\PROJECTS\FinstaGeneric\FinstaGenericWeb\PresentationPages\dist\out-tsc\src\app\nav-menu\nav-menu.component.js
E:\PROJECTS\FinstaGeneric\FinstaGenericWeb\PresentationPages\dist\out-tsc\src\app\nav-menu\nav-menu.component.js.map
E:\PROJECTS\FinstaGeneric\FinstaGenericWeb\PresentationPages\dist\out-tsc\src\app\home\home.component.js
E:\PROJECTS\FinstaGeneric\FinstaGenericWeb\PresentationPages\dist\out-tsc\src\app\home\home.component.js.map
E:\PROJECTS\FinstaGeneric\FinstaGenericWeb\PresentationPages\dist\out-tsc\src\app\DashBoard\Dashboard.component.js
E:\PROJECTS\FinstaGeneric\FinstaGenericWeb\PresentationPages\dist\out-tsc\src\app\DashBoard\Dashboard.component.js.map
E:\PROJECTS\FinstaGeneric\FinstaGenericWeb\PresentationPages\dist\out-tsc\src\app\login\login.component.js
E:\PROJECTS\FinstaGeneric\FinstaGenericWeb\PresentationPages\dist\out-tsc\src\app\login\login.component.js.map
E:\PROJECTS\FinstaGeneric\FinstaGenericWeb\PresentationPages\dist\out-tsc\src\app\app.module.js
E:\PROJECTS\FinstaGeneric\FinstaGenericWeb\PresentationPages\dist\out-tsc\src\app\app.module.js.map
E:\PROJECTS\FinstaGeneric\FinstaGenericWeb\PresentationPages\dist\out-tsc\src\environments\environment.js
E:\PROJECTS\FinstaGeneric\FinstaGenericWeb\PresentationPages\dist\out-tsc\src\environments\environment.js.map
E:\PROJECTS\FinstaGeneric\FinstaGenericWeb\PresentationPages\dist\out-tsc\src\main.js
E:\PROJECTS\FinstaGeneric\FinstaGenericWeb\PresentationPages\dist\out-tsc\src\main.js.map
E:\PROJECTS\FinstaGeneric\FinstaGenericWeb\PresentationPages\dist\out-tsc\src\polyfills.js
E:\PROJECTS\FinstaGeneric\FinstaGenericWeb\PresentationPages\dist\out-tsc\src\polyfills.js.map
E:\PROJECTS\FinstaGeneric\FinstaGenericWeb\PresentationPages\dist\out-tsc\src\test.js
E:\PROJECTS\FinstaGeneric\FinstaGenericWeb\PresentationPages\dist\out-tsc\src\test.js.map
E:\PROJECTS\FinstaGeneric\FinstaGenericWeb\PresentationPages\dist\out-tsc\src\app\app-routing.module.js
E:\PROJECTS\FinstaGeneric\FinstaGenericWeb\PresentationPages\dist\out-tsc\src\app\app-routing.module.js.map
E:\PROJECTS\FinstaGeneric\FinstaGenericWeb\PresentationPages\dist\out-tsc\src\environments\environment.prod.js
E:\PROJECTS\FinstaGeneric\FinstaGenericWeb\PresentationPages\dist\out-tsc\src\environments\environment.prod.js.map
